Using pre-set license
Built from '2020.3/staging' branch; Version is '2020.3.24f1 (79c78de19888) revision 7980941'; Using compiler version '192528614'; Build Type 'Release'
OS: 'Windows 10  (10.0.19042) 64bit Enterprise' Language: 'ru' Physical Memory: 5949 MB
BatchMode: 1, IsHumanControllingUs: 0, StartBugReporterOnCrash: 0, Is64bit: 1, IsPro: 0

COMMAND LINE ARGUMENTS:
C:\Program Files\Unity\Hub\Editor\2020.3.24f1\Editor\Unity.exe
-adb2
-batchMode
-noUpm
-name
AssetImportWorker0
-projectPath
D:/test/Test_by_AlexKopets
-logFile
Logs/AssetImportWorker0.log
-srvPort
49878
Successfully changed project path to: D:/test/Test_by_AlexKopets
D:/test/Test_by_AlexKopets
Using Asset Import Pipeline V2.
Refreshing native plugins compatible for Editor in 47.59 ms, found 2 plugins.
Preloading 0 native plugins for Editor in 0.00 ms.
Initialize engine version: 2020.3.24f1 (79c78de19888)
[Subsystems] Discovering subsystems at path C:/Program Files/Unity/Hub/Editor/2020.3.24f1/Editor/Data/Resources/UnitySubsystems
[Subsystems] Discovering subsystems at path D:/test/Test_by_AlexKopets/Assets
GfxDevice: creating device client; threaded=0
Direct3D:
    Version:  Direct3D 11.0 [level 11.1]
    Renderer: NVIDIA GeForce MX330 (ID=0x1d16)
    Vendor:   
    VRAM:     1983 MB
    Driver:   27.21.14.6259
Initialize mono
Mono path[0] = 'C:/Program Files/Unity/Hub/Editor/2020.3.24f1/Editor/Data/Managed'
Mono path[1] = 'C:/Program Files/Unity/Hub/Editor/2020.3.24f1/Editor/Data/MonoBleedingEdge/lib/mono/unityjit'
Mono config path = 'C:/Program Files/Unity/Hub/Editor/2020.3.24f1/Editor/Data/MonoBleedingEdge/etc'
Using monoOptions --debugger-agent=transport=dt_socket,embedding=1,server=y,suspend=n,address=127.0.0.1:56080
Begin MonoManager ReloadAssembly
Registering precompiled unity dll's ...
Register platform support module: C:/Program Files/Unity/Hub/Editor/2020.3.24f1/Editor/Data/PlaybackEngines/WebGLSupport/UnityEditor.WebGL.Extensions.dll
Register platform support module: C:/Program Files/Unity/Hub/Editor/2020.3.24f1/Editor/Data/PlaybackEngines/WindowsStandaloneSupport/UnityEditor.WindowsStandalone.Extensions.dll
Registered in 0.002400 seconds.
Native extension for WindowsStandalone target not found
Native extension for WebGL target not found
Refreshing native plugins compatible for Editor in 35.63 ms, found 2 plugins.
Preloading 0 native plugins for Editor in 0.00 ms.
Mono: successfully reloaded assembly
- Completed reload, in  0.886 seconds
Domain Reload Profiling:
	ReloadAssembly (887ms)
		BeginReloadAssembly (73ms)
			ExecutionOrderSort (0ms)
			DisableScriptedObjects (0ms)
			BackupInstance (0ms)
			ReleaseScriptingObjects (0ms)
			CreateAndSetChildDomain (1ms)
		EndReloadAssembly (717ms)
			LoadAssemblies (71ms)
			RebuildTransferFunctionScriptingTraits (0ms)
			SetupTypeCache (266ms)
			ReleaseScriptCaches (0ms)
			RebuildScriptCaches (32ms)
			SetupLoadedEditorAssemblies (244ms)
				LogAssemblyErrors (0ms)
				InitializePlatformSupportModulesInManaged (6ms)
				SetLoadedEditorAssemblies (0ms)
				RefreshPlugins (36ms)
				BeforeProcessingInitializeOnLoad (18ms)
				ProcessInitializeOnLoadAttributes (132ms)
				ProcessInitializeOnLoadMethodAttributes (52ms)
				AfterProcessingInitializeOnLoad (0ms)
				EditorAssembliesLoaded (0ms)
			ExecutionOrderSort2 (0ms)
			AwakeInstancesAfterBackupRestoration (0ms)
Platform modules already initialized, skipping
Registering precompiled user dll's ...
Registered in 0.004807 seconds.
Begin MonoManager ReloadAssembly
Native extension for WindowsStandalone target not found
Native extension for WebGL target not found
Refreshing native plugins compatible for Editor in 0.36 ms, found 2 plugins.
Preloading 0 native plugins for Editor in 0.00 ms.
Mono: successfully reloaded assembly
- Completed reload, in  1.714 seconds
Domain Reload Profiling:
	ReloadAssembly (1715ms)
		BeginReloadAssembly (212ms)
			ExecutionOrderSort (0ms)
			DisableScriptedObjects (5ms)
			BackupInstance (0ms)
			ReleaseScriptingObjects (0ms)
			CreateAndSetChildDomain (33ms)
		EndReloadAssembly (1395ms)
			LoadAssemblies (160ms)
			RebuildTransferFunctionScriptingTraits (0ms)
			SetupTypeCache (421ms)
			ReleaseScriptCaches (0ms)
			RebuildScriptCaches (67ms)
			SetupLoadedEditorAssemblies (607ms)
				LogAssemblyErrors (0ms)
				InitializePlatformSupportModulesInManaged (5ms)
				SetLoadedEditorAssemblies (1ms)
				RefreshPlugins (0ms)
				BeforeProcessingInitializeOnLoad (131ms)
				ProcessInitializeOnLoadAttributes (446ms)
				ProcessInitializeOnLoadMethodAttributes (16ms)
				AfterProcessingInitializeOnLoad (6ms)
				EditorAssembliesLoaded (0ms)
			ExecutionOrderSort2 (0ms)
			AwakeInstancesAfterBackupRestoration (7ms)
Platform modules already initialized, skipping
========================================================================
Worker process is ready to serve import requests
Launched and connected shader compiler UnityShaderCompiler.exe after 0.07 seconds
Refreshing native plugins compatible for Editor in 0.30 ms, found 2 plugins.
Preloading 0 native plugins for Editor in 0.00 ms.
Unloading 1506 Unused Serialized files (Serialized files now loaded: 0)
System memory in use before: 69.3 MB.
System memory in use after: 69.4 MB.

Unloading 19 unused Assets to reduce memory usage. Loaded Objects now: 1942.
Total: 4.329100 ms (FindLiveObjects: 0.207400 ms CreateObjectMapping: 0.051700 ms MarkObjects: 3.927300 ms  DeleteObjects: 0.140500 ms)

AssetImportParameters requested are different than current active one (requested -> active):
  custom:framework-win-MediaFoundation: 216162199b28c13a410421893ffa2e32 -> 
  custom:video-decoder-ogg-theora: a1e56fd34408186e4bbccfd4996cb3dc -> 
  custom:container-muxer-webm: aa71ff27fc2769a1b78a27578f13a17b -> 
  custom:container-demuxer-webm: 4f35f7cbe854078d1ac9338744f61a02 -> 
  custom:container-demuxer-ogg: 62fdf1f143b41e24485cea50d1cbac27 -> 
  custom:video-encoder-webm-vp8: eb34c28f22e8b96e1ab97ce403110664 -> 
  custom:video-decoder-webm-vp8: 9c59270c3fd7afecdb556c50c9e8de78 -> 
  custom:audio-decoder-ogg-vorbis: bf7c407c2cedff20999df2af8eb42d56 -> 
  custom:audio-encoder-webm-vorbis: bf7c407c2cedff20999df2af8eb42d56 -> 
========================================================================
Received Import Request.
  path: Assets/dog_angry.png
  artifactKey: Guid(9c785208f99962641b673a66ba9fe33c) Importer(815301076,1909f56bfc062723c751e8b465ee728b)
Start importing Assets/dog_angry.png using Guid(9c785208f99962641b673a66ba9fe33c) Importer(815301076,1909f56bfc062723c751e8b465ee728b)  -> (artifact id: '55f763d18fae98b321ff8b5b51b383ab') in 0.284175 seconds 
  Import took 0.288706 seconds .

========================================================================
Received Import Request.
  Time since last request: 0.000477 seconds.
  path: Assets/Materials/bomb.mat
  artifactKey: Guid(5716f79330d18ab4887f630046ad88e5) Importer(815301076,1909f56bfc062723c751e8b465ee728b)
Start importing Assets/Materials/bomb.mat using Guid(5716f79330d18ab4887f630046ad88e5) Importer(815301076,1909f56bfc062723c751e8b465ee728b)  -> (artifact id: 'de590f3338df2d57d610957bdd1475c2') in 0.155766 seconds 
  Import took 0.160498 seconds .

========================================================================
Received Import Request.
  Time since last request: 0.000380 seconds.
  path: Assets/level.png
  artifactKey: Guid(c941de9acfc8e644184e048466385295) Importer(815301076,1909f56bfc062723c751e8b465ee728b)
Start importing Assets/level.png using Guid(c941de9acfc8e644184e048466385295) Importer(815301076,1909f56bfc062723c751e8b465ee728b)  -> (artifact id: '84cc0d188e0f84fe1882ac9fda33024a') in 0.085792 seconds 
  Import took 0.091971 seconds .

========================================================================
Received Import Request.
  Time since last request: 0.000464 seconds.
  path: Assets/farmer_dirty.png
  artifactKey: Guid(2ddf4cdf655d78d438410d44cb88b203) Importer(815301076,1909f56bfc062723c751e8b465ee728b)
Start importing Assets/farmer_dirty.png using Guid(2ddf4cdf655d78d438410d44cb88b203) Importer(815301076,1909f56bfc062723c751e8b465ee728b)  -> (artifact id: 'bb56c42e57c1ab181e0941d988e3e727') in 0.104312 seconds 
  Import took 0.109296 seconds .

========================================================================
Received Import Request.
  Time since last request: 0.000257 seconds.
  path: Assets/dog_dirty.png
  artifactKey: Guid(7e3e7c4d3f86d5c488893e691eb120f4) Importer(815301076,1909f56bfc062723c751e8b465ee728b)
Start importing Assets/dog_dirty.png using Guid(7e3e7c4d3f86d5c488893e691eb120f4) Importer(815301076,1909f56bfc062723c751e8b465ee728b)  -> (artifact id: '72f5b0d7ffc0cee4b0a7770d9625b316') in 0.095766 seconds 
  Import took 0.099151 seconds .

========================================================================
Received Import Request.
  Time since last request: 0.000476 seconds.
  path: Assets/grid.png
  artifactKey: Guid(f56f3598086fe004984dc80c4462988d) Importer(815301076,1909f56bfc062723c751e8b465ee728b)
Start importing Assets/grid.png using Guid(f56f3598086fe004984dc80c4462988d) Importer(815301076,1909f56bfc062723c751e8b465ee728b)  -> (artifact id: 'fbd6225f8322725050c058195472fe5b') in 0.048696 seconds 
  Import took 0.053255 seconds .

========================================================================
Received Import Request.
  Time since last request: 0.000590 seconds.
  path: Assets/stone.png
  artifactKey: Guid(764f96d8d1eb040408e16091be981df9) Importer(815301076,1909f56bfc062723c751e8b465ee728b)
Start importing Assets/stone.png using Guid(764f96d8d1eb040408e16091be981df9) Importer(815301076,1909f56bfc062723c751e8b465ee728b)  -> (artifact id: 'e9672ab0e1dbf71ec20889379619b2e7') in 0.025520 seconds 
  Import took 0.029693 seconds .

========================================================================
Received Import Request.
  Time since last request: 0.000366 seconds.
  path: Assets/dog.png
  artifactKey: Guid(a91c4b4ff761f6242a414481ef665150) Importer(815301076,1909f56bfc062723c751e8b465ee728b)
Start importing Assets/dog.png using Guid(a91c4b4ff761f6242a414481ef665150) Importer(815301076,1909f56bfc062723c751e8b465ee728b)  -> (artifact id: 'b08e22dafcd097360bdeaec71911907f') in 0.083009 seconds 
  Import took 0.086617 seconds .

========================================================================
Received Import Request.
  Time since last request: 0.000654 seconds.
  path: Assets/farmer_angry.png
  artifactKey: Guid(137fa6bd89d680448880d79e3ee3bdec) Importer(815301076,1909f56bfc062723c751e8b465ee728b)
Start importing Assets/farmer_angry.png using Guid(137fa6bd89d680448880d79e3ee3bdec) Importer(815301076,1909f56bfc062723c751e8b465ee728b)  -> (artifact id: 'd8af90937cf331ad01c0a20f38c37992') in 0.083063 seconds 
  Import took 0.087721 seconds .

========================================================================
Received Import Request.
  Time since last request: 0.000589 seconds.
  path: Assets/farmer.png
  artifactKey: Guid(5d2a4455504905245bd7e922509ab3a6) Importer(815301076,1909f56bfc062723c751e8b465ee728b)
Start importing Assets/farmer.png using Guid(5d2a4455504905245bd7e922509ab3a6) Importer(815301076,1909f56bfc062723c751e8b465ee728b)  -> (artifact id: '531a032c67f44255f001273549ec6abd') in 0.100331 seconds 
  Import took 0.105413 seconds .

========================================================================
Received Import Request.
  Time since last request: 0.000271 seconds.
  path: Assets/bomb.png
  artifactKey: Guid(f3a05260557fac94b8aecc0aa35418d5) Importer(815301076,1909f56bfc062723c751e8b465ee728b)
Start importing Assets/bomb.png using Guid(f3a05260557fac94b8aecc0aa35418d5) Importer(815301076,1909f56bfc062723c751e8b465ee728b)  -> (artifact id: 'df0ed0d39f5b8e3bd210a4e7121ce076') in 0.023327 seconds 
  Import took 0.027862 seconds .

========================================================================
Received Import Request.
  Time since last request: 0.000664 seconds.
  path: Assets/pig.png
  artifactKey: Guid(ca35a9afb48ea334182e7edf48c62522) Importer(815301076,1909f56bfc062723c751e8b465ee728b)
Start importing Assets/pig.png using Guid(ca35a9afb48ea334182e7edf48c62522) Importer(815301076,1909f56bfc062723c751e8b465ee728b)  -> (artifact id: '499f6101ba2b3cd9c982b0bcf923debf') in 0.103814 seconds 
  Import took 0.110564 seconds .

AssetImportWorkerClient::OnTransportError - code=2 error=End of file
